Folder 'd:\Users\Desktop\IMU\output/jlc_gerber' ready
Folder 'd:\Users\Desktop\IMU\output/jlc_gerber' cleaned
Moved and renamed: IMU-F_Cu.gtl -> Gerber_TopLayer.GTL
Header added to: d:\Users\Desktop\IMU\output/jlc_gerber\Gerber_TopLayer.GTL
Moved and renamed: IMU-B_Cu.gbl -> Gerber_BottomLayer.GBL
Header added to: d:\Users\Desktop\IMU\output/jlc_gerber\Gerber_BottomLayer.GBL
Moved and renamed: IMU-F_Silkscreen.gto -> Gerber_TopSilkscreenLayer.GTO
Header added to: d:\Users\Desktop\IMU\output/jlc_gerber\Gerber_TopSilkscreenLayer.GTO
Moved and renamed: IMU-B_Silkscreen.gbo -> Gerber_BottomSilkscreenLayer.GBO
Header added to: d:\Users\Desktop\IMU\output/jlc_gerber\Gerber_BottomSilkscreenLayer.GBO
Moved and renamed: IMU-F_Paste.gtp -> Gerber_TopPasteMaskLayer.GTP
Header added to: d:\Users\Desktop\IMU\output/jlc_gerber\Gerber_TopPasteMaskLayer.GTP
Moved and renamed: IMU-B_Paste.gbp -> Gerber_BottomPasteMaskLayer.GBP
Header added to: d:\Users\Desktop\IMU\output/jlc_gerber\Gerber_BottomPasteMaskLayer.GBP
Moved and renamed: IMU-F_Mask.gts -> Gerber_TopSolderMaskLayer.GTS
Header added to: d:\Users\Desktop\IMU\output/jlc_gerber\Gerber_TopSolderMaskLayer.GTS
Moved and renamed: IMU-B_Mask.gbs -> Gerber_BottomSolderMaskLayer.GBS
Header added to: d:\Users\Desktop\IMU\output/jlc_gerber\Gerber_BottomSolderMaskLayer.GBS
Moved and renamed: IMU-Edge_Cuts.gm1 -> Gerber_BoardOutlineLayer.GKO
Header added to: d:\Users\Desktop\IMU\output/jlc_gerber\Gerber_BoardOutlineLayer.GKO
Moved and renamed: IMU-PTH.drl -> Drill_PTH_Through.DRL
Header added to: d:\Users\Desktop\IMU\output/jlc_gerber\Drill_PTH_Through.DRL
Moved and renamed: IMU-NPTH.drl -> Drill_NPTH_Through.DRL
Header added to: d:\Users\Desktop\IMU\output/jlc_gerber\Drill_NPTH_Through.DRL
ZIP created: d:\Users\Desktop\IMU\output/out_IMU-20250709202929.zip
